Построение начато 15.03.2018 0:42:27.
     1>Проект "J:\saod\lab1\lab1\lab1.vcxproj" в узле 2 (целевые объекты build).
     1>InitializeBuildStatus:
         Создание "Debug\lab1.unsuccessfulbuild", так как было задано "AlwaysCreate".
       ClCompile:
         C:\Program Files (x86)\Microsoft Visual Studio 10.0\VC\bin\CL.exe /c /ZI /nologo /W3 /WX- /Od /Oy- /D _MBCS /Gm /EHsc /RTC1 /MDd /GS /fp:precise /Zc:wchar_t /Zc:forScope /Fo"Debug\\" /Fd"Debug\vc100.pdb" /Gd /TP /analyze- /errorReport:prompt main.cpp
         main.cpp
     1>j:\saod\lab1\lab1\main.cpp(14): warning C4091: typedef : пропускается слева от "gorod", когда ни одна переменная не объявлена
     1>j:\saod\lab1\lab1\main.cpp(488): warning C4244: аргумент: преобразование "time_t" в "unsigned int", возможна потеря данных
       Link:
         C:\Program Files (x86)\Microsoft Visual Studio 10.0\VC\bin\link.exe /ERRORREPORT:PROMPT /OUT:"J:\SAOD\lab1\Debug\lab1.exe" /NOLOGO kernel32.lib user32.lib gdi32.lib winspool.lib comdlg32.lib advapi32.lib shell32.lib ole32.lib oleaut32.lib uuid.lib odbc32.lib odbccp32.lib /MANIFEST /ManifestFile:"Debug\lab1.exe.intermediate.manifest" /MANIFESTUAC:"level='asInvoker' uiAccess='false'" /DEBUG /PDB:"J:\SAOD\lab1\Debug\lab1.pdb" /TLBID:1 /DYNAMICBASE /NXCOMPAT /IMPLIB:"J:\SAOD\lab1\Debug\lab1.lib" /MACHINE:X86 Debug\main.obj
         LINK : не найден или не выполнена сборка J:\SAOD\lab1\Debug\lab1.exe при последней инкрементной компоновке; выполняется полная компоновка
         lab1.vcxproj -> J:\SAOD\lab1\Debug\lab1.exe
       Manifest:
         C:\Program Files (x86)\Microsoft SDKs\Windows\v7.0A\bin\mt.exe /nologo /verbose /outputresource:"J:\SAOD\lab1\Debug\lab1.exe;#1" /manifest Debug\lab1.exe.intermediate.manifest
       FinalizeBuildStatus:
         Файл "Debug\lab1.unsuccessfulbuild" удаляется.
         Обращение к "Debug\lab1.lastbuildstate".
     1>Построение проекта "J:\saod\lab1\lab1\lab1.vcxproj" завершено (целевые объекты build).

Построение успешно завершено.

Затраченное время: 00:00:16.01
